AutoDock Vina v1.2.5
#################################################################
# If you used AutoDock Vina in your work, please cite:          #
#                                                               #
# J. Eberhardt, D. Santos-Martins, A. F. Tillack, and S. Forli  #
# AutoDock Vina 1.2.0: New Docking Methods, Expanded Force      #
# Field, and Python Bindings, J. Chem. Inf. Model. (2021)       #
# DOI 10.1021/acs.jcim.1c00203                                  #
#                                                               #
# O. Trott, A. J. Olson,                                        #
# AutoDock Vina: improving the speed and accuracy of docking    #
# with a new scoring function, efficient optimization and       #
# multithreading, J. Comp. Chem. (2010)                         #
# DOI 10.1002/jcc.21334                                         #
#                                                               #
# Please see https://github.com/ccsb-scripps/AutoDock-Vina for  #
# more information.                                             #
#################################################################

Scoring function : vina
Rigid receptor: /home/luiz/Área de trabalho/EMPRESAS/UNISAGRADO/PESQUISAS/VASSOURA DE BRUXA/targets/FKS(1).pdbqt
Ligand: /home/luiz/Área de trabalho/EMPRESAS/UNISAGRADO/PESQUISAS/VASSOURA DE BRUXA/ligands/caspofungina.pdbqt
Grid center: X 92.823 Y 135.757 Z 64.264
Grid size  : X 28 Y 28 Z 28
Grid space : 0.375
Exhaustiveness: 16
CPU: 0
Verbosity: 1



An internal error occurred in ../../../src/lib/tree.h(101). 

Please report bugs through the Issue Tracker on GitHub 
(https://github.com/ccsb-scripps/AutoDock-Vina/issues)., so
that this problem can be resolved. The reproducibility of the
error may be vital, so please remember to include the following in
your problem report:
* the EXACT error message,
* your version of the program,
* the type of computer system you are running it on,
* all command line options,
* configuration file (if used),
* ligand file as PDBQT,
* receptor file as PDBQT,
* flexible side chains file as PDBQT (if used),
* output file as PDBQT (if any),
* input (if possible),
* random seed the program used (this is printed when the program starts).

Thank you!
