AutoDock Vina v1.2.5
#################################################################
# If you used AutoDock Vina in your work, please cite:          #
#                                                               #
# J. Eberhardt, D. Santos-Martins, A. F. Tillack, and S. Forli  #
# AutoDock Vina 1.2.0: New Docking Methods, Expanded Force      #
# Field, and Python Bindings, J. Chem. Inf. Model. (2021)       #
# DOI 10.1021/acs.jcim.1c00203                                  #
#                                                               #
# O. Trott, A. J. Olson,                                        #
# AutoDock Vina: improving the speed and accuracy of docking    #
# with a new scoring function, efficient optimization and       #
# multithreading, J. Comp. Chem. (2010)                         #
# DOI 10.1002/jcc.21334                                         #
#                                                               #
# Please see https://github.com/ccsb-scripps/AutoDock-Vina for  #
# more information.                                             #
#################################################################

Scoring function : vina
Rigid receptor: /home/luiz/Área de trabalho/EMPRESAS/UNISAGRADO/PESQUISAS/VASSOURA DE BRUXA/targets/CHS.pdbqt
Ligand: /home/luiz/Área de trabalho/EMPRESAS/UNISAGRADO/PESQUISAS/VASSOURA DE BRUXA/ligands/nikkomicinaZ_pubchem.pdbqt
Grid center: X -2.838 Y 3.124 Z -4.767
Grid size  : X 30 Y 30 Z 30
Grid space : 0.375
Exhaustiveness: 16
CPU: 0
Verbosity: 1

Computing Vina grid ... done.
Performing docking (random seed: -2126807245) ... 
0%   10   20   30   40   50   60   70   80   90   100%
|----|----|----|----|----|----|----|----|----|----|
***************************************************

mode |   affinity | dist from best mode
     | (kcal/mol) | rmsd l.b.| rmsd u.b.
-----+------------+----------+----------
   1       -8.958          0          0
   2       -8.951       1.52      1.801
   3       -8.774      2.398      9.604
   4       -8.627        2.6      3.909
   5       -8.586      2.172      9.049
   6       -8.582       5.55      9.415
   7       -8.577      4.054      8.275
   8        -8.57      4.083         10
   9       -8.472      3.898      9.712
