AutoDock Vina v1.2.5
#################################################################
# If you used AutoDock Vina in your work, please cite:          #
#                                                               #
# J. Eberhardt, D. Santos-Martins, A. F. Tillack, and S. Forli  #
# AutoDock Vina 1.2.0: New Docking Methods, Expanded Force      #
# Field, and Python Bindings, J. Chem. Inf. Model. (2021)       #
# DOI 10.1021/acs.jcim.1c00203                                  #
#                                                               #
# O. Trott, A. J. Olson,                                        #
# AutoDock Vina: improving the speed and accuracy of docking    #
# with a new scoring function, efficient optimization and       #
# multithreading, J. Comp. Chem. (2010)                         #
# DOI 10.1002/jcc.21334                                         #
#                                                               #
# Please see https://github.com/ccsb-scripps/AutoDock-Vina for  #
# more information.                                             #
#################################################################

Scoring function : vina
Rigid receptor: /home/luiz/Área de trabalho/EMPRESAS/UNISAGRADO/PESQUISAS/VASSOURA DE BRUXA/targets/FKS(1).pdbqt
Ligand: /home/luiz/Área de trabalho/EMPRESAS/UNISAGRADO/PESQUISAS/VASSOURA DE BRUXA/ligands/papulacandin B.pdbqt
Grid center: X 92.823 Y 135.757 Z 64.264
Grid size  : X 28 Y 28 Z 28
Grid space : 0.375
Exhaustiveness: 16
CPU: 0
Verbosity: 1

Computing Vina grid ... done.
Performing docking (random seed: -1203115571) ... 
0%   10   20   30   40   50   60   70   80   90   100%
|----|----|----|----|----|----|----|----|----|----|
***************************************************

mode |   affinity | dist from best mode
     | (kcal/mol) | rmsd l.b.| rmsd u.b.
-----+------------+----------+----------
   1       -5.297          0          0
   2       -5.074      1.688      2.469
   3       -4.935      3.466      8.585
   4       -4.928      7.764      14.39
   5       -4.909      3.401      9.371
   6       -4.892      8.077      15.33
   7       -4.878      1.504      2.666
   8        -4.84      3.373      8.886
   9       -4.833       2.25      5.793
