   _______  _______ _________ _        _______ 
  (  ____ \(       )\__   __/( (    /|(  ___  )
  | (    \/| () () |   ) (   |  \  ( || (   ) |
  | (_____ | || || |   | |   |   \ | || (___) |
  (_____  )| |(_)| |   | |   | (\ \) ||  ___  |
        ) || |   | |   | |   | | \   || (   ) |
  /\____) || )   ( |___) (___| )  \  || )   ( |
  \_______)|/     \|\_______/|/    )_)|/     \|


smina is based off AutoDock Vina. Please cite appropriately.

Weights      Terms
-0.035579    gauss(o=0,_w=0.5,_c=8)
-0.005156    gauss(o=3,_w=2,_c=8)
0.840245     repulsion(o=0,_c=8)
-0.035069    hydrophobic(g=0.5,_b=1.5,_c=8)
-0.587439    non_dir_h_bond(g=-0.7,_b=0,_c=8)
1.923        num_tors_div



An internal error occurred in ../../../src/lib/tree.h(133). 

Please report this error at http://smina.sf.net
Please remember to include the following in your problem report:
    * the EXACT error message,
    * your version of the program,
    * the type of computer system you are running it on,
	* all command line options,
	* configuration file (if used),
    * ligand file as PDBQT,
    * receptor file as PDBQT,
	* flexible side chains file as PDBQT (if used),
	* output file as PDBQT (if any),
    * input (if possible),
	* random seed the program used (this is printed when the program starts).

Thank you!
