AutoDock Vina v1.2.5
#################################################################
# If you used AutoDock Vina in your work, please cite:          #
#                                                               #
# J. Eberhardt, D. Santos-Martins, A. F. Tillack, and S. Forli  #
# AutoDock Vina 1.2.0: New Docking Methods, Expanded Force      #
# Field, and Python Bindings, J. Chem. Inf. Model. (2021)       #
# DOI 10.1021/acs.jcim.1c00203                                  #
#                                                               #
# O. Trott, A. J. Olson,                                        #
# AutoDock Vina: improving the speed and accuracy of docking    #
# with a new scoring function, efficient optimization and       #
# multithreading, J. Comp. Chem. (2010)                         #
# DOI 10.1002/jcc.21334                                         #
#                                                               #
# Please see https://github.com/ccsb-scripps/AutoDock-Vina for  #
# more information.                                             #
#################################################################

Scoring function : vina
Rigid receptor: /home/luiz/Área de trabalho/EMPRESAS/UNISAGRADO/PESQUISAS/VASSOURA DE BRUXA/targets/FKS.pdbqt
Ligand: /home/luiz/Área de trabalho/EMPRESAS/UNISAGRADO/PESQUISAS/VASSOURA DE BRUXA/ligands/papulacandin B.pdbqt
Grid center: X 92.823 Y 135.757 Z 64.264
Grid size  : X 28 Y 28 Z 28
Grid space : 0.375
Exhaustiveness: 16
CPU: 0
Verbosity: 1

Computing Vina grid ... done.
Performing docking (random seed: -179152617) ... 
0%   10   20   30   40   50   60   70   80   90   100%
|----|----|----|----|----|----|----|----|----|----|
***************************************************

mode |   affinity | dist from best mode
     | (kcal/mol) | rmsd l.b.| rmsd u.b.
-----+------------+----------+----------
   1       -5.093          0          0
   2       -5.082      1.691      3.028
   3       -4.913      9.522       15.6
   4        -4.89      9.646      15.74
   5       -4.871      6.907      12.98
   6       -4.834      6.815      13.11
   7        -4.81      6.888      12.87
   8       -4.774      11.25      16.82
   9       -4.752      12.24      17.33
