+ local cmd=run
+ case "$cmd" in
+ __conda_exe run -n smina smina --receptor tmp_smina_small/targets/FKS.pdbqt --ligand tmp_smina_small/ligands/anidulafungin.pdbqt --center_x 92.823 --center_y 135.757 --center_z 64.264 --size_x 28 --size_y 28 --size_z 28 --exhaustiveness 8 --num_modes 9 --cpu 1 --out docking_results_smina_small/FKS/anidulafungin/anidulafungin_on_FKS.pdbqt
+ '[' -n '' ']'
+ /tmp/miniconda_smina/bin/conda run -n smina smina --receptor tmp_smina_small/targets/FKS.pdbqt --ligand tmp_smina_small/ligands/anidulafungin.pdbqt --center_x 92.823 --center_y 135.757 --center_z 64.264 --size_x 28 --size_y 28 --size_z 28 --exhaustiveness 8 --num_modes 9 --cpu 1 --out docking_results_smina_small/FKS/anidulafungin/anidulafungin_on_FKS.pdbqt


An internal error occurred in /home/conda/feedstock_root/build_artifacts/smina_1752606682274/work/src/lib/tree.h(133). 

Please report this error at http://smina.sf.net
Please remember to include the following in your problem report:
    * the EXACT error message,
    * your version of the program,
    * the type of computer system you are running it on,
	* all command line options,
	* configuration file (if used),
    * ligand file as PDBQT,
    * receptor file as PDBQT,
	* flexible side chains file as PDBQT (if used),
	* output file as PDBQT (if any),
    * input (if possible),
	* random seed the program used (this is printed when the program starts).

Thank you!

ERROR conda.cli.main_run:execute(127): `conda run smina --receptor tmp_smina_small/targets/FKS.pdbqt --ligand tmp_smina_small/ligands/anidulafungin.pdbqt --center_x 92.823 --center_y 135.757 --center_z 64.264 --size_x 28 --size_y 28 --size_z 28 --exhaustiveness 8 --num_modes 9 --cpu 1 --out docking_results_smina_small/FKS/anidulafungin/anidulafungin_on_FKS.pdbqt` failed. (See above for error)
   _______  _______ _________ _        _______ 
  (  ____ \(       )\__   __/( (    /|(  ___  )
  | (    \/| () () |   ) (   |  \  ( || (   ) |
  | (_____ | || || |   | |   |   \ | || (___) |
  (_____  )| |(_)| |   | |   | (\ \) ||  ___  |
        ) || |   | |   | |   | | \   || (   ) |
  /\____) || )   ( |___) (___| )  \  || )   ( |
  \_______)|/     \|\_______/|/    )_)|/     \|


smina is based off AutoDock Vina. Please cite appropriately.

Weights      Terms
-0.035579    gauss(o=0,_w=0.5,_c=8)
-0.005156    gauss(o=3,_w=2,_c=8)
0.840245     repulsion(o=0,_c=8)
-0.035069    hydrophobic(g=0.5,_b=1.5,_c=8)
-0.587439    non_dir_h_bond(g=-0.7,_b=0,_c=8)
1.923        num_tors_div


