AutoDock Vina v1.2.5
#################################################################
# If you used AutoDock Vina in your work, please cite:          #
#                                                               #
# J. Eberhardt, D. Santos-Martins, A. F. Tillack, and S. Forli  #
# AutoDock Vina 1.2.0: New Docking Methods, Expanded Force      #
# Field, and Python Bindings, J. Chem. Inf. Model. (2021)       #
# DOI 10.1021/acs.jcim.1c00203                                  #
#                                                               #
# O. Trott, A. J. Olson,                                        #
# AutoDock Vina: improving the speed and accuracy of docking    #
# with a new scoring function, efficient optimization and       #
# multithreading, J. Comp. Chem. (2010)                         #
# DOI 10.1002/jcc.21334                                         #
#                                                               #
# Please see https://github.com/ccsb-scripps/AutoDock-Vina for  #
# more information.                                             #
#################################################################

Scoring function : vina
Rigid receptor: targets/FKS_8WL6.pdbqt
Ligand: ligands/poacic acid.pdbqt
Grid center: X 131.46 Y 132.289 Z 134.163
Grid size  : X 40 Y 40 Z 40
Grid space : 0.375
Exhaustiveness: 12
CPU: 1
Verbosity: 1

WARNING: Search space volume is greater than 27000 Angstrom^3 (See FAQ)
Computing Vina grid ... done.
Performing docking (random seed: 395489264) ... 
0%   10   20   30   40   50   60   70   80   90   100%
|----|----|----|----|----|----|----|----|----|----|
***************************************************

mode |   affinity | dist from best mode
     | (kcal/mol) | rmsd l.b.| rmsd u.b.
-----+------------+----------+----------
   1       -6.946          0          0
   2       -6.678      2.659      8.847
   3       -6.676      1.878      8.372
   4       -6.665      1.738      2.773
   5       -6.535      20.33      24.01
   6       -6.394      23.41       26.9
   7       -6.388      1.874      8.247
   8       -6.256      24.32      29.21
   9       -6.215      22.63       27.1
