AutoDock Vina v1.2.5
#################################################################
# If you used AutoDock Vina in your work, please cite:          #
#                                                               #
# J. Eberhardt, D. Santos-Martins, A. F. Tillack, and S. Forli  #
# AutoDock Vina 1.2.0: New Docking Methods, Expanded Force      #
# Field, and Python Bindings, J. Chem. Inf. Model. (2021)       #
# DOI 10.1021/acs.jcim.1c00203                                  #
#                                                               #
# O. Trott, A. J. Olson,                                        #
# AutoDock Vina: improving the speed and accuracy of docking    #
# with a new scoring function, efficient optimization and       #
# multithreading, J. Comp. Chem. (2010)                         #
# DOI 10.1002/jcc.21334                                         #
#                                                               #
# Please see https://github.com/ccsb-scripps/AutoDock-Vina for  #
# more information.                                             #
#################################################################

Scoring function : vina
Rigid receptor: /home/luiz/Área de trabalho/EMPRESAS/UNISAGRADO/PESQUISAS/VASSOURA DE BRUXA/targets/FKS.pdbqt
Ligand: /home/luiz/Área de trabalho/EMPRESAS/UNISAGRADO/PESQUISAS/VASSOURA DE BRUXA/ligands/nikkomicinaZ.pdbqt
Grid center: X 92.823 Y 135.757 Z 64.264
Grid size  : X 28 Y 28 Z 28
Grid space : 0.375
Exhaustiveness: 12
CPU: 0
Verbosity: 1

Computing Vina grid ... done.
Performing docking (random seed: 3) ... 
0%   10   20   30   40   50   60   70   80   90   100%
|----|----|----|----|----|----|----|----|----|----|
***************************************************

mode |   affinity | dist from best mode
     | (kcal/mol) | rmsd l.b.| rmsd u.b.
-----+------------+----------+----------
   1       -5.691          0          0
   2       -5.612      11.27      14.34
   3       -5.582      1.786      2.171
   4       -5.573      1.814      2.994
   5       -5.523      12.52      14.37
   6       -5.445      2.575      8.621
   7        -5.44      13.31      16.35
   8       -5.385      2.613      7.518
   9        -5.34      9.504      14.05
