AutoDock Vina v1.2.5
#################################################################
# If you used AutoDock Vina in your work, please cite:          #
#                                                               #
# J. Eberhardt, D. Santos-Martins, A. F. Tillack, and S. Forli  #
# AutoDock Vina 1.2.0: New Docking Methods, Expanded Force      #
# Field, and Python Bindings, J. Chem. Inf. Model. (2021)       #
# DOI 10.1021/acs.jcim.1c00203                                  #
#                                                               #
# O. Trott, A. J. Olson,                                        #
# AutoDock Vina: improving the speed and accuracy of docking    #
# with a new scoring function, efficient optimization and       #
# multithreading, J. Comp. Chem. (2010)                         #
# DOI 10.1002/jcc.21334                                         #
#                                                               #
# Please see https://github.com/ccsb-scripps/AutoDock-Vina for  #
# more information.                                             #
#################################################################

Scoring function : vina
Rigid receptor: /home/luiz/Área de trabalho/EMPRESAS/UNISAGRADO/PESQUISAS/VASSOURA DE BRUXA/targets/FKS.pdbqt
Ligand: /home/luiz/Área de trabalho/EMPRESAS/UNISAGRADO/PESQUISAS/VASSOURA DE BRUXA/ligands/nikkomicinaZ_pubchem.pdbqt
Grid center: X 92.823 Y 135.757 Z 64.264
Grid size  : X 28 Y 28 Z 28
Grid space : 0.375
Exhaustiveness: 16
CPU: 0
Verbosity: 1

Computing Vina grid ... done.
Performing docking (random seed: 799910166) ... 
0%   10   20   30   40   50   60   70   80   90   100%
|----|----|----|----|----|----|----|----|----|----|
***************************************************

mode |   affinity | dist from best mode
     | (kcal/mol) | rmsd l.b.| rmsd u.b.
-----+------------+----------+----------
   1        -6.33          0          0
   2       -6.124      1.989       2.96
   3       -6.085      8.239      11.82
   4       -6.052      10.35      13.34
   5       -6.039      2.782      5.483
   6       -6.021      2.511      6.653
   7       -6.007      2.065      4.133
   8       -5.966      11.83      15.29
   9       -5.891      11.66      15.11
